c:\users\administrator\source\repos\system_accelerator\system_accelerator\debug\system_accelerator.pch
c:\users\administrator\source\repos\system_accelerator\system_accelerator\debug\vc141.pdb
c:\users\administrator\source\repos\system_accelerator\system_accelerator\debug\vc141.idb
c:\users\administrator\source\repos\system_accelerator\system_accelerator\debug\stdafx.obj
c:\users\administrator\source\repos\system_accelerator\system_accelerator\debug\system_acceleratordlg.obj
c:\users\administrator\source\repos\system_accelerator\system_accelerator\debug\system_accelerator.obj
c:\users\administrator\source\repos\system_accelerator\system_accelerator\debug\iconbtn.obj
c:\users\administrator\source\repos\system_accelerator\system_accelerator\debug\taskdlg.obj
c:\users\administrator\source\repos\system_accelerator\system_accelerator\debug\litterdlg.obj
c:\users\administrator\source\repos\system_accelerator\system_accelerator\debug\diskdlg.obj
c:\users\administrator\source\repos\system_accelerator\system_accelerator\debug\custommenu.obj
c:\users\administrator\source\repos\system_accelerator\system_accelerator\debug\contraldlg.obj
c:\users\administrator\source\repos\system_accelerator\debug\system_accelerator.exe
c:\users\administrator\source\repos\system_accelerator\debug\system_accelerator.ilk
c:\users\administrator\source\repos\system_accelerator\debug\system_accelerator.pdb
c:\users\administrator\source\repos\system_accelerator\system_accelerator\debug\systemaccelerator.res
c:\users\administrator\source\repos\system_accelerator\system_accelerator\debug\system_a.b082cb13.tlog\cl.command.1.tlog
c:\users\administrator\source\repos\system_accelerator\system_accelerator\debug\system_a.b082cb13.tlog\cl.read.1.tlog
c:\users\administrator\source\repos\system_accelerator\system_accelerator\debug\system_a.b082cb13.tlog\cl.write.1.tlog
c:\users\administrator\source\repos\system_accelerator\system_accelerator\debug\system_a.b082cb13.tlog\link.command.1.tlog
c:\users\administrator\source\repos\system_accelerator\system_accelerator\debug\system_a.b082cb13.tlog\link.read.1.tlog
c:\users\administrator\source\repos\system_accelerator\system_accelerator\debug\system_a.b082cb13.tlog\link.write.1.tlog
c:\users\administrator\source\repos\system_accelerator\system_accelerator\debug\system_a.b082cb13.tlog\rc.command.1.tlog
c:\users\administrator\source\repos\system_accelerator\system_accelerator\debug\system_a.b082cb13.tlog\rc.read.1.tlog
c:\users\administrator\source\repos\system_accelerator\system_accelerator\debug\system_a.b082cb13.tlog\rc.write.1.tlog
